<?xml version="1.0" encoding="UTF-8"?>
<!-- Generated by org.testng.reporters.JUnitReportReporter -->
<testsuite skipped="0" hostname="STRINLP030" name="com.qmetry.qaf.automation.step.client.Scenario" tests="1" failures="0" timestamp="07 Apr 2020 04:49:59 GMT" time="0.003" errors="0">
  <testcase name="To Create Test Result file" time="0.003" classname="com.qmetry.qaf.automation.step.client.Scenario"/>
</testsuite> <!-- com.qmetry.qaf.automation.step.client.Scenario -->
