<?xml version="1.0" encoding="UTF-8"?>
<!-- Generated by org.testng.reporters.JUnitReportReporter -->
<testsuite skipped="0" hostname="STRINLP030" name="com.qmetry.qaf.automation.step.client.DataDrivenScenario" tests="5" failures="0" timestamp="25 Jan 2021 08:13:40 GMT" time="168.848" errors="0">
  <testcase name="Launching Nflows application" time="24.824" classname="com.qmetry.qaf.automation.step.client.DataDrivenScenario"/>
  <testcase name="Login to Nflows" time="8.311" classname="com.qmetry.qaf.automation.step.client.DataDrivenScenario"/>
  <testcase name="Roles - Single Grouping Rule is attached under &#039;Read Access&#039;" time="116.760" classname="com.qmetry.qaf.automation.step.client.DataDrivenScenario"/>
  <testcase name="To Create Test Result file" time="3.795" classname="com.qmetry.qaf.automation.step.client.DataDrivenScenario"/>
  <testcase name="To Start PDF Report" time="15.158" classname="com.qmetry.qaf.automation.step.client.DataDrivenScenario"/>
</testsuite> <!-- com.qmetry.qaf.automation.step.client.DataDrivenScenario -->
